mode: set
github.com/RaviHari/beta-controller/controllers/betaresource_controller.go:42.83,48.70 4 0
github.com/RaviHari/beta-controller/controllers/betaresource_controller.go:58.2,60.15 2 0
github.com/RaviHari/beta-controller/controllers/betaresource_controller.go:66.2,70.16 5 0
github.com/RaviHari/beta-controller/controllers/betaresource_controller.go:75.2,79.27 2 0
github.com/RaviHari/beta-controller/controllers/betaresource_controller.go:48.70,49.29 1 0
github.com/RaviHari/beta-controller/controllers/betaresource_controller.go:54.3,55.28 2 0
github.com/RaviHari/beta-controller/controllers/betaresource_controller.go:49.29,53.4 3 0
github.com/RaviHari/beta-controller/controllers/betaresource_controller.go:60.15,61.35 1 0
github.com/RaviHari/beta-controller/controllers/betaresource_controller.go:61.35,63.4 1 0
github.com/RaviHari/beta-controller/controllers/betaresource_controller.go:70.16,73.3 2 0
github.com/RaviHari/beta-controller/controllers/betaresource_controller.go:82.75,86.2 1 0
